\BOOKMARK [1][-]{section.1}{What is a Web Browser? }{}% 1
\BOOKMARK [1][-]{section.2}{A Brief History of Browsers}{}% 2
\BOOKMARK [2][-]{subsection.2.1}{Mosaic \(1993\)}{section.2}% 3
\BOOKMARK [2][-]{subsection.2.2}{Netscape \(1994\)}{section.2}% 4
\BOOKMARK [2][-]{subsection.2.3}{Opera \(1996\)}{section.2}% 5
\BOOKMARK [2][-]{subsection.2.4}{Internet Explorer \(1995\)}{section.2}% 6
\BOOKMARK [2][-]{subsection.2.5}{Firefox \(2004\)}{section.2}% 7
\BOOKMARK [2][-]{subsection.2.6}{Safari \(2005\)}{section.2}% 8
\BOOKMARK [2][-]{subsection.2.7}{Chrome \(2008\)}{section.2}% 9
\BOOKMARK [1][-]{section.3}{Browser Vulnerabilities}{}% 10
\BOOKMARK [2][-]{subsection.3.1}{Injection}{section.3}% 11
\BOOKMARK [2][-]{subsection.3.2}{Cross-Site Scripting \(XSS\)}{section.3}% 12
\BOOKMARK [2][-]{subsection.3.3}{Direct Object References}{section.3}% 13
\BOOKMARK [2][-]{subsection.3.4}{Plug-ins}{section.3}% 14
\BOOKMARK [2][-]{subsection.3.5}{Extensions}{section.3}% 15
\BOOKMARK [2][-]{subsection.3.6}{Languages}{section.3}% 16
\BOOKMARK [1][-]{section.4}{Chrome Extensions}{}% 17
\BOOKMARK [2][-]{subsection.4.1}{Privilege Gap}{section.4}% 18
\BOOKMARK [2][-]{subsection.4.2}{Case Study | WikiBlocks Chrome Extension}{section.4}% 19
\BOOKMARK [2][-]{subsection.4.3}{Least Privilege}{section.4}% 20
\BOOKMARK [2][-]{subsection.4.4}{Privilege Separation}{section.4}% 21
\BOOKMARK [2][-]{subsection.4.5}{Strong Isolation}{section.4}% 22
\BOOKMARK [1][-]{section.5}{Looking Forward}{}% 23
\BOOKMARK [1][-]{appendix.A}{Appendix}{}% 24
\BOOKMARK [2][-]{subsection.A.1}{WikiBlocks | manifest file}{appendix.A}% 25
\BOOKMARK [2][-]{subsection.A.2}{Cloud to Butt Plus | manifest file}{appendix.A}% 26
